Determining if the pthread_create exist failed with the following output:
Change Dir: /home/josef/Dokumente/Studium/GTRenderer/raytracer/CMakeFiles/CMakeTmp

Run Build Command:/usr/bin/make "cmTryCompileExec2571738013/fast"
/usr/bin/make -f CMakeFiles/cmTryCompileExec2571738013.dir/build.make CMakeFiles/cmTryCompileExec2571738013.dir/build
make[1]: Verzeichnis »/home/josef/Dokumente/Studium/GTRenderer/raytracer/CMakeFiles/CMakeTmp« wird betreten
/usr/bin/cmake -E cmake_progress_report /home/josef/Dokumente/Studium/GTRenderer/raytracer/CMakeFiles/CMakeTmp/CMakeFiles 1
Building C object CMakeFiles/cmTryCompileExec2571738013.dir/CheckSymbolExists.c.o
/usr/bin/cc    -o CMakeFiles/cmTryCompileExec2571738013.dir/CheckSymbolExists.c.o   -c /home/josef/Dokumente/Studium/GTRenderer/raytracer/CMakeFiles/CMakeTmp/CheckSymbolExists.c
Linking C executable cmTryCompileExec2571738013
/usr/bin/cmake -E cmake_link_script CMakeFiles/cmTryCompileExec2571738013.dir/link.txt --verbose=1
/usr/bin/cc       CMakeFiles/cmTryCompileExec2571738013.dir/CheckSymbolExists.c.o  -o cmTryCompileExec2571738013 -rdynamic 
CMakeFiles/cmTryCompileExec2571738013.dir/CheckSymbolExists.c.o: In Funktion `main':
CheckSymbolExists.c:(.text+0x16): Nicht definierter Verweis auf `pthread_create'
collect2: error: ld returned 1 exit status
make[1]: *** [cmTryCompileExec2571738013] Fehler 1
make[1]: Verzeichnis »/home/josef/Dokumente/Studium/GTRenderer/raytracer/CMakeFiles/CMakeTmp« wird verlassen
make: *** [cmTryCompileExec2571738013/fast] Fehler 2

File /home/josef/Dokumente/Studium/GTRenderer/raytracer/CMakeFiles/CMakeTmp/CheckSymbolExists.c:
/* */
#include <pthread.h>

int main(int argc, char** argv)
{
  (void)argv;
#ifndef pthread_create
  return ((int*)(&pthread_create))[argc];
#else
  (void)argc;
  return 0;
#endif
}

Determining if the function pthread_create exists in the pthreads failed with the following output:
Change Dir: /home/josef/Dokumente/Studium/GTRenderer/raytracer/CMakeFiles/CMakeTmp

Run Build Command:/usr/bin/make "cmTryCompileExec1841531682/fast"
/usr/bin/make -f CMakeFiles/cmTryCompileExec1841531682.dir/build.make CMakeFiles/cmTryCompileExec1841531682.dir/build
make[1]: Verzeichnis »/home/josef/Dokumente/Studium/GTRenderer/raytracer/CMakeFiles/CMakeTmp« wird betreten
/usr/bin/cmake -E cmake_progress_report /home/josef/Dokumente/Studium/GTRenderer/raytracer/CMakeFiles/CMakeTmp/CMakeFiles 1
Building C object CMakeFiles/cmTryCompileExec1841531682.dir/CheckFunctionExists.c.o
/usr/bin/cc   -DCHECK_FUNCTION_EXISTS=pthread_create   -o CMakeFiles/cmTryCompileExec1841531682.dir/CheckFunctionExists.c.o   -c /usr/share/cmake-2.8/Modules/CheckFunctionExists.c
Linking C executable cmTryCompileExec1841531682
/usr/bin/cmake -E cmake_link_script CMakeFiles/cmTryCompileExec1841531682.dir/link.txt --verbose=1
/usr/bin/cc   -DCHECK_FUNCTION_EXISTS=pthread_create    CMakeFiles/cmTryCompileExec1841531682.dir/CheckFunctionExists.c.o  -o cmTryCompileExec1841531682 -rdynamic -lpthreads 
/usr/bin/ld: cannot find -lpthreads
collect2: error: ld returned 1 exit status
make[1]: *** [cmTryCompileExec1841531682] Fehler 1
make[1]: Verzeichnis »/home/josef/Dokumente/Studium/GTRenderer/raytracer/CMakeFiles/CMakeTmp« wird verlassen
make: *** [cmTryCompileExec1841531682/fast] Fehler 2


